<?xml version="1.0" encoding="UTF-8"?>
<!-- Generated by org.testng.reporters.JUnitReportReporter -->
<testsuite hostname="DELL-PC" name="dataProvider.Excel2Json" tests="10" failures="0" timestamp="6 Nov 2015 06:14:15 GMT" time="0.016" errors="0">
  <testcase name="testLoginAPI" time="0.001" classname="dataProvider.Excel2Json"/>
  <testcase name="testLoginAPI" time="0.001" classname="dataProvider.Excel2Json"/>
  <testcase name="testLoginAPI" time="0.010" classname="dataProvider.Excel2Json"/>
  <testcase name="testLoginAPI" time="0.001" classname="dataProvider.Excel2Json"/>
  <testcase name="testLoginAPI" time="0.001" classname="dataProvider.Excel2Json"/>
  <testcase name="testLoginAPI" time="0.000" classname="dataProvider.Excel2Json"/>
  <testcase name="testLoginAPI" time="0.000" classname="dataProvider.Excel2Json"/>
  <testcase name="testLoginAPI" time="0.000" classname="dataProvider.Excel2Json"/>
  <testcase name="testLoginAPI" time="0.001" classname="dataProvider.Excel2Json"/>
  <testcase name="testLoginAPI" time="0.001" classname="dataProvider.Excel2Json"/>
</testsuite> <!-- dataProvider.Excel2Json -->
