<?xml version="1.0" encoding="UTF-8"?>
<!-- Generated by org.testng.reporters.JUnitReportReporter -->
<testsuite hostname="DELL-PC" name="dataProvider.Excel2Json" tests="3" failures="0" timestamp="6 Nov 2015 13:54:20 GMT" time="0.010" errors="0">
  <testcase name="testLoginAPI" time="0.000" classname="dataProvider.Excel2Json"/>
  <testcase name="testLoginAPI" time="0.001" classname="dataProvider.Excel2Json"/>
  <testcase name="testLoginAPI" time="0.009" classname="dataProvider.Excel2Json"/>
</testsuite> <!-- dataProvider.Excel2Json -->
