<?xml version="1.0" encoding="UTF-8"?>
<!-- Generated by org.testng.reporters.JUnitReportReporter -->
<testsuite hostname="DELL-PC" name="dataProvider.Excel2Json" tests="7" failures="0" timestamp="5 Nov 2015 07:26:52 GMT" time="0.072" errors="0">
  <testcase name="testLoginAPI" time="0.000" classname="dataProvider.Excel2Json"/>
  <testcase name="testLoginAPI" time="0.070" classname="dataProvider.Excel2Json"/>
  <testcase name="testLoginAPI" time="0.000" classname="dataProvider.Excel2Json"/>
  <testcase name="testLoginAPI" time="0.001" classname="dataProvider.Excel2Json"/>
  <testcase name="testLoginAPI" time="0.000" classname="dataProvider.Excel2Json"/>
  <testcase name="testLoginAPI" time="0.000" classname="dataProvider.Excel2Json"/>
  <testcase name="testLoginAPI" time="0.001" classname="dataProvider.Excel2Json"/>
</testsuite> <!-- dataProvider.Excel2Json -->
