<?xml version="1.0" encoding="UTF-8"?>
<!-- Generated by org.testng.reporters.JUnitReportReporter -->
<testsuite hostname="DELL-PC" name="dataProvider.Excel2Json" tests="6" failures="0" timestamp="5 Nov 2015 13:49:09 GMT" time="0.015" errors="0">
  <testcase name="testGetRightsAPI" time="0.000" classname="dataProvider.Excel2Json"/>
  <testcase name="testGetRightsAPI" time="0.013" classname="dataProvider.Excel2Json"/>
  <testcase name="testGetRightsAPI" time="0.001" classname="dataProvider.Excel2Json"/>
  <testcase name="testGetRightsAPI" time="0.000" classname="dataProvider.Excel2Json"/>
  <testcase name="testGetRightsAPI" time="0.000" classname="dataProvider.Excel2Json"/>
  <testcase name="testGetRightsAPI" time="0.001" classname="dataProvider.Excel2Json"/>
</testsuite> <!-- dataProvider.Excel2Json -->
